2017-07-31 11:20:24 [52] INFO ScarpyDazhong's log create success.
2017-07-31 11:22:13 [52] INFO ScarpyDazhong's log create success.
2017-07-31 11:49:46 [52] INFO ScarpyDazhong's log create success.
2017-07-31 13:50:44 [52] INFO ScarpyDazhong's log create success.
2017-07-31 13:55:47 [52] INFO ScarpyDazhong's log create success.
2017-07-31 13:58:12 [52] INFO ScarpyDazhong's log create success.
2017-07-31 14:01:15 [52] INFO ScarpyDazhong's log create success.
2017-07-31 14:01:49 [52] INFO ScarpyDazhong's log create success.
2017-07-31 14:02:29 [52] INFO ScarpyDazhong's log create success.
2017-07-31 14:04:22 [52] INFO ScarpyDazhong's log create success.
2017-07-31 14:08:34 [52] INFO ScarpyDazhong's log create success.
2017-07-31 14:13:35 [52] INFO ScarpyDazhong's log create success.
2017-07-31 14:14:39 [52] INFO ScarpyDazhong's log create success.
2017-07-31 14:15:00 [52] INFO ScarpyDazhong's log create success.
2017-07-31 15:06:36 [52] INFO Scarpy Da zhong's log create success.
2017-07-31 15:08:21 [52] INFO Scarpy Da zhong's log create success.
2017-07-31 15:08:45 [52] INFO Scarpy Da zhong's log create success.
2017-07-31 15:09:39 [52] INFO Scarpy Da zhong's log create success.
2017-07-31 15:11:13 [52] INFO Scarpy Da zhong's log create success.
2017-07-31 15:12:03 [52] INFO Scarpy Da zhong's log create success.
2017-07-31 15:13:21 [52] INFO Scarpy Da zhong's log create success.
2017-07-31 15:15:42 [52] INFO Scarpy Da zhong's log create success.
2017-07-31 15:16:07 [52] INFO Scarpy Da zhong's log create success.
2017-07-31 15:16:40 [52] INFO Scarpy Da zhong's log create success.
2017-07-31 15:17:50 [52] INFO Scarpy Da zhong's log create success.
2017-07-31 15:18:27 [52] INFO Scarpy Da zhong's log create success.
2017-07-31 15:21:40 [52] INFO Scarpy Da zhong's log create success.
2017-07-31 15:22:23 [52] INFO Scarpy Da zhong's log create success.
2017-07-31 15:24:03 [52] INFO Scarpy Da zhong's log create success.
2017-07-31 15:26:11 [52] INFO Scarpy Da zhong's log create success.
2017-07-31 15:36:30 [52] INFO Scarpy Da zhong's log create success.
2017-07-31 15:36:51 [52] INFO Scarpy Da zhong's log create success.
2017-07-31 15:38:15 [52] INFO Scarpy Da zhong's log create success.
2017-07-31 15:38:51 [52] INFO Scarpy Da zhong's log create success.
2017-07-31 15:42:03 [52] INFO Scarpy Da zhong's log create success.
2017-07-31 15:57:32 [52] INFO Scarpy Da zhong's log create success.
2017-07-31 15:58:16 [52] INFO Scarpy Da zhong's log create success.
2017-07-31 16:19:00 [54] INFO Scarpy Da zhong's log create success.
2017-07-31 16:19:21 [54] INFO Scarpy Da zhong's log create success.
2017-07-31 16:21:34 [54] INFO Scarpy Da zhong's log create success.
2017-07-31 16:28:17 [54] INFO Scarpy Da zhong's log create success.
2017-07-31 16:29:06 [54] INFO Scarpy Da zhong's log create success.
2017-07-31 16:34:10 [54] INFO Scarpy Da zhong's log create success.
2017-07-31 16:35:17 [54] INFO Scarpy Da zhong's log create success.
2017-07-31 16:35:51 [54] INFO Scarpy Da zhong's log create success.
2017-07-31 16:45:55 [54] INFO Scarpy Da zhong's log create success.
2017-07-31 16:46:32 [54] INFO Scarpy Da zhong's log create success.
2017-07-31 16:50:36 [54] INFO Scarpy Da zhong's log create success.
2017-07-31 16:52:23 [54] INFO Scarpy Da zhong's log create success.
2017-07-31 16:52:29 [150] INFO It costs 6.21502 sec to run it.
2017-07-31 16:52:29 [151] INFO ----------------------------------------------------------------------------------------------------
2017-07-31 16:55:33 [54] INFO Scarpy Da zhong's log create success.
2017-07-31 16:56:33 [150] INFO It costs 59.945029 sec to run it.
2017-07-31 16:56:33 [151] INFO ----------------------------------------------------------------------------------------------------
2017-07-31 17:06:03 [54] INFO Scarpy Da zhong's log create success.
2017-07-31 17:06:03 [144] INFO A total 229 data.....
2017-07-31 17:07:02 [148] INFO 国贸 is ok, there are still 228 data left....
2017-07-31 17:08:00 [148] INFO 双井 is ok, there are still 228 data left....
2017-07-31 17:08:58 [148] INFO 三里屯 is ok, there are still 228 data left....
2017-07-31 17:14:51 [54] INFO Scarpy Da zhong's log create success.
2017-07-31 17:14:51 [145] INFO A total 229 data.....
2017-07-31 17:19:51 [149] INFO 国贸 is ok, there are still 228 data left....
2017-07-31 17:25:31 [54] INFO Scarpy Da zhong's log create success.
2017-07-31 17:25:31 [145] INFO A total 229 data.....
2017-07-31 17:29:38 [149] INFO 国贸 is ok, there are still 228 data left....
2017-07-31 17:33:44 [149] INFO 双井 is ok, there are still 228 data left....
2017-07-31 17:37:51 [149] INFO 三里屯 is ok, there are still 228 data left....
2017-07-31 17:52:13 [54] INFO Scarpy Da zhong's log create success.
2017-07-31 17:52:13 [146] INFO A total 228 data.....
2017-07-31 17:58:05 [54] INFO Scarpy Da zhong's log create success.
2017-07-31 17:58:05 [146] INFO A total 228 data.....
2017-07-31 18:00:41 [54] INFO Scarpy Da zhong's log create success.
2017-07-31 18:00:41 [149] INFO A total 228 data.....
2017-07-31 18:00:54 [54] INFO Scarpy Da zhong's log create success.
2017-07-31 18:00:54 [149] INFO A total 228 data.....
2017-07-31 18:02:40 [54] INFO Scarpy Da zhong's log create success.
2017-07-31 18:02:40 [149] INFO A total 228 data.....
2017-07-31 21:08:21 [54] INFO Scarpy Da zhong's log create success.
2017-07-31 21:08:21 [149] INFO A total 228 data.....
2017-07-31 21:25:16 [54] INFO Scarpy Da zhong's log create success.
2017-07-31 21:25:16 [172] INFO A total 228 data.....
2017-07-31 21:30:13 [54] INFO Scarpy Da zhong's log create success.
2017-07-31 21:30:13 [174] INFO A total 228 data.....
2017-07-31 21:32:20 [54] INFO Scarpy Da zhong's log create success.
2017-07-31 21:32:20 [174] INFO A total 228 data.....
2017-07-31 21:33:19 [178] INFO 国贸 is ok, there are still 227 data left....
2017-07-31 21:34:22 [178] INFO 双井 is ok, there are still 226 data left....
2017-07-31 21:35:23 [178] INFO 三里屯 is ok, there are still 225 data left....
2017-07-31 21:36:19 [178] INFO 酒仙桥 is ok, there are still 224 data left....
2017-07-31 21:37:16 [178] INFO 管庄 is ok, there are still 223 data left....
2017-07-31 21:38:12 [178] INFO 首都机场 is ok, there are still 222 data left....
2017-07-31 21:39:09 [178] INFO 十八里店 is ok, there are still 221 data left....
2017-07-31 21:40:07 [178] INFO 北苑家园 is ok, there are still 220 data left....
2017-07-31 21:40:58 [178] INFO 十里堡 is ok, there are still 219 data left....
2017-07-31 21:44:47 [54] INFO Scarpy Da zhong's log create success.
2017-07-31 21:44:47 [175] INFO A total 228 data.....
2017-07-31 21:45:47 [179] INFO 国贸 is ok, there are still 227 data left....
2017-07-31 21:46:43 [179] INFO 双井 is ok, there are still 226 data left....
2017-07-31 21:47:41 [179] INFO 三里屯 is ok, there are still 225 data left....
2017-07-31 21:48:31 [54] INFO Scarpy Da zhong's log create success.
2017-07-31 21:48:31 [175] INFO A total 228 data.....
2017-07-31 21:49:30 [179] INFO 国贸 is ok, there are still 227 data left....
2017-07-31 21:50:31 [179] INFO 双井 is ok, there are still 226 data left....
2017-07-31 21:51:30 [179] INFO 三里屯 is ok, there are still 225 data left....
2017-07-31 21:52:28 [179] INFO 酒仙桥 is ok, there are still 224 data left....
2017-07-31 21:53:25 [179] INFO 管庄 is ok, there are still 223 data left....
2017-07-31 21:54:21 [179] INFO 首都机场 is ok, there are still 222 data left....
2017-07-31 21:55:19 [179] INFO 十八里店 is ok, there are still 221 data left....
2017-07-31 21:56:15 [179] INFO 北苑家园 is ok, there are still 220 data left....
2017-07-31 21:57:06 [179] INFO 十里堡 is ok, there are still 219 data left....
2017-07-31 21:57:58 [179] INFO 东坝 is ok, there are still 218 data left....
2017-07-31 21:58:38 [179] INFO 孙河 is ok, there are still 217 data left....
2017-07-31 21:59:23 [179] INFO 马泉营 is ok, there are still 216 data left....
2017-07-31 22:00:14 [179] INFO 定福庄 is ok, there are still 215 data left....
2017-07-31 22:00:59 [179] INFO 四惠 is ok, there are still 214 data left....
2017-07-31 22:01:47 [179] INFO 太阳宫 is ok, there are still 213 data left....
2017-07-31 22:02:42 [179] INFO 青年路 is ok, there are still 212 data left....
2017-07-31 22:03:24 [179] INFO 石佛营 is ok, there are still 211 data left....
2017-07-31 22:04:04 [179] INFO 甜水园 is ok, there are still 210 data left....
2017-07-31 22:18:01 [54] INFO Scarpy Da zhong's log create success.
2017-07-31 22:18:01 [175] INFO A total 210 data.....
2017-07-31 22:18:58 [181] INFO 慈云寺/八里庄 is ok, there are still 209 data left....
2017-07-31 22:19:47 [181] INFO 工人体育场 is ok, there are still 208 data left....
2017-07-31 22:20:46 [181] INFO 百子湾 is ok, there are still 207 data left....
2017-07-31 22:21:33 [181] INFO 传媒大学/二外 is ok, there are still 206 data left....
2017-07-31 22:22:23 [181] INFO 双桥 is ok, there are still 205 data left....
2017-07-31 22:23:16 [181] INFO 北京欢乐谷 is ok, there are still 204 data left....
2017-07-31 22:24:11 [181] INFO 高碑店 is ok, there are still 203 data left....
2017-07-31 22:24:53 [181] INFO 北京东站 is ok, there are still 202 data left....
2017-07-31 22:25:35 [181] INFO 霄云路 is ok, there are still 201 data left....
2017-07-31 22:26:20 [181] INFO 蓝色港湾 is ok, there are still 200 data left....
2017-07-31 22:27:04 [181] INFO 燕莎/农业展览馆 is ok, there are still 199 data left....
2017-07-31 22:27:49 [181] INFO 姚家园 is ok, there are still 198 data left....
2017-07-31 22:28:34 [181] INFO 十里河 is ok, there are still 197 data left....
2017-07-31 22:29:22 [181] INFO 立水桥 is ok, there are still 196 data left....
2017-07-31 22:30:16 [181] INFO 小营 is ok, there are still 195 data left....
2017-07-31 22:31:04 [181] INFO 北沙滩 is ok, there are still 194 data left....
2017-07-31 22:31:49 [181] INFO 大屯 is ok, there are still 193 data left....
2017-07-31 22:32:34 [181] INFO 小庄/红庙 is ok, there are still 192 data left....
2017-07-31 22:33:36 [181] INFO 常营 is ok, there are still 191 data left....
2017-07-31 22:34:28 [181] INFO 798/大山子 is ok, there are still 190 data left....
2017-07-31 22:35:15 [181] INFO 草房 is ok, there are still 189 data left....
2017-07-31 22:35:59 [181] INFO 游娱联盟壹号基地 is ok, there are still 188 data left....
2017-07-31 22:37:03 [181] INFO 建外大街 is ok, there are still 187 data left....
2017-07-31 22:38:11 [181] INFO 大望路 is ok, there are still 186 data left....
2017-07-31 22:39:14 [181] INFO 朝外大街 is ok, there are still 185 data left....
2017-07-31 22:40:19 [181] INFO 朝阳公园/团结湖 is ok, there are still 184 data left....
2017-07-31 22:41:18 [181] INFO 左家庄 is ok, there are still 183 data left....
2017-07-31 22:42:24 [181] INFO 亮马桥/三元桥 is ok, there are still 182 data left....
2017-07-31 22:43:32 [181] INFO 亚运村 is ok, there are still 181 data left....
2017-07-31 22:44:36 [181] INFO 望京 is ok, there are still 180 data left....
2017-07-31 22:45:40 [181] INFO 劲松/潘家园 is ok, there are still 179 data left....
2017-07-31 22:46:43 [181] INFO 安贞 is ok, there are still 178 data left....
2017-07-31 22:47:43 [181] INFO 朝阳其它 is ok, there are still 177 data left....
2017-07-31 22:48:43 [181] INFO 芍药居 is ok, there are still 176 data left....
2017-07-31 22:49:35 [181] INFO 和平里 is ok, there are still 175 data left....
2017-07-31 22:50:19 [181] INFO 东四十条 is ok, there are still 174 data left....
2017-07-31 22:51:09 [181] INFO 雍和宫/地坛 is ok, there are still 173 data left....
2017-07-31 22:51:57 [181] INFO 南锣鼓巷/鼓楼东大街 is ok, there are still 172 data left....
2017-07-31 22:52:48 [181] INFO 北新桥/簋街 is ok, there are still 171 data left....
2017-07-31 22:53:32 [181] INFO 光明楼/龙潭湖 is ok, there are still 170 data left....
2017-07-31 22:54:17 [181] INFO 沙滩/美术馆灯市口 is ok, there are still 169 data left....
2017-07-31 22:55:18 [181] INFO 王府井/东单 is ok, there are still 168 data left....
2017-07-31 22:56:10 [181] INFO 建国门/北京站 is ok, there are still 167 data left....
2017-07-31 22:57:04 [181] INFO 东四 is ok, there are still 166 data left....
2017-07-31 22:57:59 [181] INFO 安定门 is ok, there are still 165 data left....
2017-07-31 22:58:52 [181] INFO 朝阳门 is ok, there are still 164 data left....
2017-07-31 22:59:51 [181] INFO 东直门 is ok, there are still 163 data left....
2017-07-31 23:00:41 [181] INFO 广渠门 is ok, there are still 162 data left....
2017-07-31 23:01:26 [181] INFO 左安门 is ok, there are still 161 data left....
2017-07-31 23:02:11 [181] INFO 沙子口 is ok, there are still 160 data left....
2017-07-31 23:03:08 [181] INFO 前门 is ok, there are still 159 data left....
2017-07-31 23:04:07 [181] INFO 崇文门 is ok, there are still 158 data left....
2017-07-31 23:04:57 [181] INFO 天坛 is ok, there are still 157 data left....
2017-07-31 23:05:47 [181] INFO 西四 is ok, there are still 156 data left....
2017-07-31 23:06:33 [181] INFO 月坛 is ok, there are still 155 data left....
2017-07-31 23:07:26 [181] INFO 什刹海 is ok, there are still 154 data left....
2017-07-31 23:08:20 [181] INFO 德外大街 is ok, there are still 153 data left....
2017-07-31 23:09:06 [181] INFO 陶然亭 is ok, there are still 152 data left....
2017-07-31 23:09:51 [181] INFO 南菜园/白纸坊 is ok, there are still 151 data left....
2017-07-31 23:10:57 [181] INFO 西单 is ok, there are still 150 data left....
2017-07-31 23:11:54 [181] INFO 复兴门 is ok, there are still 149 data left....
2017-07-31 23:12:49 [181] INFO 阜成门 is ok, there are still 148 data left....
2017-07-31 23:13:53 [181] INFO 西直门/动物园 is ok, there are still 147 data left....
2017-07-31 23:14:48 [181] INFO 新街口 is ok, there are still 146 data left....
2017-07-31 23:15:44 [181] INFO 地安门 is ok, there are still 145 data left....
2017-07-31 23:16:28 [181] INFO 牛街 is ok, there are still 144 data left....
2017-07-31 23:17:15 [181] INFO 虎坊桥 is ok, there are still 143 data left....
2017-07-31 23:18:00 [181] INFO 菜市口 is ok, there are still 142 data left....
2017-07-31 23:18:48 [181] INFO 广内大街 is ok, there are still 141 data left....
2017-07-31 23:19:44 [181] INFO 广外大街 is ok, there are still 140 data left....
2017-07-31 23:20:34 [181] INFO 宣武门 is ok, there are still 139 data left....
2017-07-31 23:21:25 [181] INFO 右安门 is ok, there are still 138 data left....
2017-07-31 23:22:24 [181] INFO 双榆树 is ok, there are still 137 data left....
2017-07-31 23:23:25 [181] INFO 五棵松 is ok, there are still 136 data left....
2017-07-31 23:24:25 [181] INFO 清河 is ok, there are still 135 data left....
2017-07-31 23:25:18 [181] INFO 远大路 is ok, there are still 134 data left....
2017-07-31 23:26:07 [181] INFO 香山 is ok, there are still 133 data left....
2017-07-31 23:26:53 [181] INFO 大钟寺 is ok, there are still 132 data left....
2017-07-31 23:27:42 [181] INFO 知春路 is ok, there are still 131 data left....
2017-07-31 23:28:31 [181] INFO 西三旗 is ok, there are still 130 data left....
2017-07-31 23:29:24 [181] INFO 四季青 is ok, there are still 129 data left....
2017-07-31 23:30:11 [181] INFO 人民大学 is ok, there are still 128 data left....
2017-07-31 23:31:00 [181] INFO 万柳 is ok, there are still 127 data left....
2017-07-31 23:31:44 [181] INFO 学院桥 is ok, there are still 126 data left....
2017-07-31 23:32:30 [181] INFO 军博 is ok, there are still 125 data left....
2017-07-31 23:33:15 [181] INFO 农业大学西区 is ok, there are still 124 data left....
2017-07-31 23:34:17 [181] INFO 中关村 is ok, there are still 123 data left....
2017-07-31 23:35:22 [181] INFO 五道口 is ok, there are still 122 data left....
2017-07-31 23:36:22 [181] INFO 魏公村 is ok, there are still 121 data left....
2017-07-31 23:37:23 [181] INFO 北太平庄 is ok, there are still 120 data left....
2017-07-31 23:38:15 [181] INFO 苏州桥 is ok, there are still 119 data left....
2017-07-31 23:39:15 [181] INFO 北下关 is ok, there are still 118 data left....
2017-07-31 23:40:16 [181] INFO 公主坟/万寿路 is ok, there are still 117 data left....
2017-07-31 23:41:14 [181] INFO 紫竹桥 is ok, there are still 116 data left....
2017-07-31 23:42:09 [181] INFO 航天桥 is ok, there are still 115 data left....
2017-07-31 23:43:10 [181] INFO 上地 is ok, there are still 114 data left....
2017-07-31 23:44:07 [181] INFO 颐和园 is ok, there are still 113 data left....
2017-07-31 23:45:00 [181] INFO 海淀其它 is ok, there are still 112 data left....
2017-07-31 23:45:54 [181] INFO 田村 is ok, there are still 111 data left....
2017-07-31 23:46:43 [181] INFO 北大地 is ok, there are still 110 data left....
2017-07-31 23:47:37 [181] INFO 刘家窑 is ok, there are still 109 data left....
2017-07-31 23:48:31 [181] INFO 青塔 is ok, there are still 108 data left....
2017-07-31 23:49:21 [181] INFO 开阳里 is ok, there are still 107 data left....
2017-07-31 23:50:10 [181] INFO 草桥 is ok, there are still 106 data left....
2017-07-31 23:51:04 [181] INFO 看丹桥 is ok, there are still 105 data left....
2017-07-31 23:51:53 [181] INFO 花乡 is ok, there are still 104 data left....
2017-07-31 23:52:52 [181] INFO 大红门 is ok, there are still 103 data left....
2017-07-31 23:53:42 [181] INFO 公益西桥 is ok, there are still 102 data left....
2017-07-31 23:54:32 [181] INFO 云岗 is ok, there are still 101 data left....
2017-07-31 23:55:22 [181] INFO 卢沟桥 is ok, there are still 100 data left....
2017-07-31 23:56:14 [181] INFO 北京西站/六里桥 is ok, there are still 99 data left....
2017-07-31 23:57:01 [181] INFO 分钟寺/成寿寺 is ok, there are still 98 data left....
2017-07-31 23:57:51 [181] INFO 夏家胡同/纪家庙 is ok, there are still 97 data left....
2017-07-31 23:58:42 [181] INFO 马家堡/角门 is ok, there are still 96 data left....
2017-07-31 23:59:28 [181] INFO 丽泽桥/丰管路 is ok, there are still 95 data left....
2017-08-01 00:00:13 [181] INFO 总部基地 is ok, there are still 94 data left....
2017-08-01 00:00:55 [181] INFO 石榴庄 is ok, there are still 93 data left....
2017-08-01 00:01:38 [181] INFO 槐房万达广场 is ok, there are still 92 data left....
2017-08-01 00:02:36 [181] INFO 方庄 is ok, there are still 91 data left....
2017-08-01 00:03:37 [181] INFO 六里桥/丽泽桥 is ok, there are still 90 data left....
2017-08-01 00:04:37 [181] INFO 洋桥/木樨园 is ok, there are still 89 data left....
2017-08-01 00:05:29 [181] INFO 丰台其它 is ok, there are still 88 data left....
2017-08-01 00:06:20 [181] INFO 宋家庄 is ok, there are still 87 data left....
2017-08-01 00:07:06 [181] INFO 模式口 is ok, there are still 86 data left....
2017-08-01 00:07:59 [181] INFO 苹果园 is ok, there are still 85 data left....
2017-08-01 00:08:55 [181] INFO 古城/八角 is ok, there are still 84 data left....
2017-08-01 00:09:55 [181] INFO 鲁谷 is ok, there are still 83 data left....
2017-08-01 00:10:38 [181] INFO 石景山其它 is ok, there are still 82 data left....
2017-08-01 00:11:39 [181] INFO 亦庄 is ok, there are still 81 data left....
2017-08-01 00:12:36 [181] INFO 旧宫 is ok, there are still 80 data left....
2017-08-01 00:13:36 [181] INFO 黄村 is ok, there are still 79 data left....
2017-08-01 00:14:34 [181] INFO 西红门 is ok, there are still 78 data left....
2017-08-01 00:15:27 [181] INFO 果园 is ok, there are still 77 data left....
2017-08-01 00:16:25 [181] INFO 梨园 is ok, there are still 76 data left....
2017-08-01 00:17:24 [181] INFO 新华大街 is ok, there are still 75 data left....
2017-08-01 00:18:11 [181] INFO 九棵树 is ok, there are still 74 data left....
2017-08-01 00:19:00 [181] INFO 通州北苑 is ok, there are still 73 data left....
2017-08-01 00:19:47 [181] INFO 武夷花园 is ok, there are still 72 data left....
2017-08-01 00:20:43 [181] INFO 马驹桥 is ok, there are still 71 data left....
2017-08-01 00:21:23 [181] INFO 次渠 is ok, there are still 70 data left....
2017-08-01 00:22:14 [181] INFO 宋庄 is ok, there are still 69 data left....
2017-08-01 00:22:55 [181] INFO 西集 is ok, there are still 68 data left....
2017-08-01 00:23:44 [181] INFO 物资学院 is ok, there are still 67 data left....
2017-08-01 00:24:45 [181] INFO 回龙观 is ok, there are still 66 data left....
2017-08-01 00:25:44 [181] INFO 天通苑 is ok, there are still 65 data left....
2017-08-01 00:26:42 [181] INFO 昌平镇 is ok, there are still 64 data left....
2017-08-01 00:27:30 [181] INFO 小汤山 is ok, there are still 63 data left....
2017-08-01 00:28:16 [181] INFO 南口镇 is ok, there are still 62 data left....
2017-08-01 00:29:12 [181] INFO 北七家 is ok, there are still 61 data left....
2017-08-01 00:30:10 [181] INFO 沙河 is ok, there are still 60 data left....
2017-08-01 00:31:08 [181] INFO 良乡 is ok, there are still 59 data left....
2017-08-01 00:31:59 [181] INFO 长阳镇 is ok, there are still 58 data left....
2017-08-01 00:32:55 [181] INFO 城关镇 is ok, there are still 57 data left....
2017-08-01 00:33:41 [181] INFO 窦店镇 is ok, there are still 56 data left....
2017-08-01 00:34:24 [181] INFO 阎村镇 is ok, there are still 55 data left....
2017-08-01 00:35:06 [181] INFO 燕山 is ok, there are still 54 data left....
2017-08-01 00:35:47 [181] INFO 河北镇 is ok, there are still 53 data left....
2017-08-01 00:36:35 [181] INFO 十渡镇 is ok, there are still 52 data left....
2017-08-01 00:37:16 [181] INFO 青龙湖镇 is ok, there are still 51 data left....
2017-08-01 00:38:01 [181] INFO 国展 is ok, there are still 50 data left....
2017-08-01 00:38:57 [181] INFO 顺义 is ok, there are still 49 data left....
2017-08-01 00:39:45 [181] INFO 后沙峪 is ok, there are still 48 data left....
2017-08-01 00:40:34 [181] INFO 马坡牛栏山 is ok, there are still 47 data left....
2017-08-01 00:41:18 [181] INFO 南彩 is ok, there are still 46 data left....
2017-08-01 00:42:00 [181] INFO 石园 is ok, there are still 45 data left....
2017-08-01 00:42:43 [181] INFO 商业街 is ok, there are still 44 data left....
2017-08-01 00:43:23 [181] INFO 京北大世界 is ok, there are still 43 data left....
2017-08-01 00:44:08 [181] INFO 斜街 is ok, there are still 42 data left....
2017-08-01 00:44:48 [181] INFO 下园 is ok, there are still 41 data left....
2017-08-01 00:45:31 [181] INFO 东关 is ok, there are still 40 data left....
2017-08-01 00:46:12 [181] INFO 富乐大街 is ok, there are still 39 data left....
2017-08-01 00:46:57 [181] INFO 庙城 is ok, there are still 38 data left....
2017-08-01 00:47:39 [181] INFO 桥梓镇 is ok, there are still 37 data left....
2017-08-01 00:48:27 [181] INFO 雁栖开发区 is ok, there are still 36 data left....
2017-08-01 00:49:08 [181] INFO 渤海镇/慕田峪长城 is ok, there are still 35 data left....
2017-08-01 00:49:48 [181] INFO 八达岭镇 is ok, there are still 34 data left....
2017-08-01 00:50:26 [181] INFO 大榆树镇 is ok, there are still 33 data left....
2017-08-01 00:51:05 [181] INFO 大庄科乡 is ok, there are still 32 data left....
2017-08-01 00:51:44 [181] INFO 井庄镇 is ok, there are still 31 data left....
2017-08-01 00:52:24 [181] INFO 旧县镇 is ok, there are still 30 data left....
2017-08-01 00:53:02 [181] INFO 康庄镇 is ok, there are still 29 data left....
2017-08-01 00:53:40 [181] INFO 刘斌堡乡 is ok, there are still 28 data left....
2017-08-01 00:54:17 [181] INFO 千家店镇 is ok, there are still 27 data left....
2017-08-01 00:54:55 [181] INFO 沈家营镇 is ok, there are still 26 data left....
2017-08-01 00:55:33 [181] INFO 四海镇 is ok, there are still 25 data left....
2017-08-01 00:56:08 [181] INFO 香营乡 is ok, there are still 24 data left....
2017-08-01 00:56:47 [181] INFO 延庆镇 is ok, there are still 23 data left....
2017-08-01 00:57:25 [181] INFO 永宁镇 is ok, there are still 22 data left....
2017-08-01 00:58:04 [181] INFO 张山营镇 is ok, there are still 21 data left....
2017-08-01 00:58:42 [181] INFO 珍珠泉乡 is ok, there are still 20 data left....
2017-08-01 00:59:38 [181] INFO 延庆县其他 is ok, there are still 19 data left....
2017-08-01 01:00:17 [181] INFO 北庄镇 is ok, there are still 18 data left....
2017-08-01 01:00:56 [181] INFO 不老屯镇 is ok, there are still 17 data left....
2017-08-01 01:01:35 [181] INFO 大城子镇 is ok, there are still 16 data left....
2017-08-01 01:02:14 [181] INFO 东邵渠镇 is ok, there are still 15 data left....
2017-08-01 01:02:51 [181] INFO 冯家峪镇 is ok, there are still 14 data left....
2017-08-01 01:03:31 [181] INFO 高岭镇 is ok, there are still 13 data left....
2017-08-01 01:04:09 [181] INFO 古北口镇 is ok, there are still 12 data left....
2017-08-01 01:04:47 [181] INFO 河南寨镇 is ok, there are still 11 data left....
2017-08-01 01:05:25 [181] INFO 巨各庄镇 is ok, there are still 10 data left....
2017-08-01 01:06:01 [181] INFO 经济开发区 is ok, there are still 9 data left....
2017-08-01 01:06:56 [181] INFO 密云镇 is ok, there are still 8 data left....
2017-08-01 01:07:35 [181] INFO 穆家峪镇 is ok, there are still 7 data left....
2017-08-01 01:08:15 [181] INFO 十里堡镇 is ok, there are still 6 data left....
2017-08-01 01:08:55 [181] INFO 石城镇 is ok, there are still 5 data left....
2017-08-01 01:09:35 [181] INFO 太师屯镇 is ok, there are still 4 data left....
2017-08-01 01:10:13 [181] INFO 西田各庄镇 is ok, there are still 3 data left....
2017-08-01 01:10:55 [181] INFO 溪翁庄镇 is ok, there are still 2 data left....
2017-08-01 01:11:35 [181] INFO 新城子镇 is ok, there are still 1 data left....
2017-08-01 01:12:31 [181] INFO 密云县其他 is ok, there are still 0 data left....
2017-08-01 01:12:31 [187] INFO It costs 10469.52381 sec to run it.
2017-08-01 01:12:31 [188] INFO ----------------------------------------------------------------------------------------------------
